2024-01-15 18:00:00.005 UTC [40001] web_app@ecommerce api: LOG:  statement: SELECT p.id, p.name, p.price FROM products p WHERE p.category_id = 5 AND p.active = true ORDER BY p.popularity_score DESC LIMIT 20;
2024-01-15 18:00:00.012 UTC [40001] web_app@ecommerce api: LOG:  duration: 6.789 ms
2024-01-15 18:00:00.105 UTC [40002] mobile_app@ecommerce ios: LOG:  statement: SELECT u.id, u.username, u.email, u.last_login FROM users u WHERE u.id = 12345;
2024-01-15 18:00:00.107 UTC [40002] mobile_app@ecommerce ios: LOG:  duration: 1.234 ms
2024-01-15 18:00:00.205 UTC [40003] analytics@warehouse dbt: LOG:  statement: SELECT DATE_TRUNC('hour', o.created_at) AS hour, COUNT(*) AS order_count, SUM(o.total) AS revenue FROM orders o WHERE o.created_at >= CURRENT_DATE - INTERVAL '7 days' GROUP BY DATE_TRUNC('hour', o.created_at) ORDER BY hour;
2024-01-15 18:00:01.456 UTC [40003] analytics@warehouse dbt: LOG:  duration: 1251.234 ms
2024-01-15 18:00:01.505 UTC [40004] web_app@ecommerce api: LOG:  statement: INSERT INTO orders (customer_id, total, status, created_at) VALUES (12345, 89.99, 'pending', NOW());
2024-01-15 18:00:01.508 UTC [40004] web_app@ecommerce api: LOG:  duration: 2.456 ms
2024-01-15 18:00:01.605 UTC [40005] inventory@ecommerce worker: LOG:  statement: UPDATE products SET stock_quantity = stock_quantity - 1 WHERE id = 789 AND stock_quantity > 0;
2024-01-15 18:00:01.607 UTC [40005] inventory@ecommerce worker: LOG:  duration: 1.789 ms
2024-01-15 18:00:02.005 UTC [40006] reporting@warehouse psql: LOG:  statement: SELECT segment, COUNT(*) AS customer_count, AVG(total_spent) AS avg_spent FROM customer_segments GROUP BY segment ORDER BY avg_spent DESC;
2024-01-15 18:00:04.789 UTC [40006] reporting@warehouse psql: LOG:  duration: 2784.123 ms
2024-01-15 18:00:05.005 UTC [40007] mobile_app@ecommerce ios: LOG:  statement: SELECT c.id, c.name, COUNT(p.id) AS product_count FROM categories c LEFT JOIN products p ON c.id = p.category_id WHERE c.active = true GROUP BY c.id, c.name ORDER BY c.sort_order;
2024-01-15 18:00:05.023 UTC [40007] mobile_app@ecommerce ios: LOG:  duration: 17.456 ms
2024-01-15 18:00:05.105 UTC [40008] payment_service@ecommerce worker: LOG:  statement: UPDATE orders SET status = 'paid', payment_method = 'credit_card', paid_at = NOW() WHERE id = 98765 AND status = 'pending';
2024-01-15 18:00:05.108 UTC [40008] payment_service@ecommerce worker: LOG:  duration: 2.123 ms
2024-01-15 18:00:05.205 UTC [40009] search_service@ecommerce api: LOG:  statement: SELECT p.id, p.name, p.description, p.price FROM products p WHERE (p.name ILIKE '%laptop%' OR p.description ILIKE '%laptop%') AND p.active = true ORDER BY p.popularity_score DESC, p.price ASC LIMIT 50;
2024-01-15 18:00:05.234 UTC [40009] search_service@ecommerce api: LOG:  duration: 28.789 ms
2024-01-15 18:00:06.005 UTC [40010] batch_etl@warehouse airflow: LOG:  statement: INSERT INTO fact_daily_sales (date, product_id, quantity_sold, revenue) SELECT DATE(o.created_at), oi.product_id, SUM(oi.quantity), SUM(oi.price * oi.quantity) FROM orders o JOIN order_items oi ON o.id = oi.order_id WHERE DATE(o.created_at) = CURRENT_DATE - INTERVAL '1 day' AND o.status = 'completed' GROUP BY DATE(o.created_at), oi.product_id;
2024-01-15 18:00:06.456 UTC [40010] batch_etl@warehouse airflow: LOG:  duration: 451.234 ms
2024-01-15 18:00:07.005 UTC [40011] web_app@ecommerce api: LOG:  statement: SELECT o.id, o.total, o.status, o.created_at, u.username FROM orders o JOIN users u ON o.customer_id = u.id WHERE u.id = 12345 ORDER BY o.created_at DESC LIMIT 10;
2024-01-15 18:00:07.012 UTC [40011] web_app@ecommerce api: LOG:  duration: 6.234 ms
2024-01-15 18:00:08.005 UTC [40012] admin@postgres psql: LOG:  statement: REINDEX INDEX CONCURRENTLY idx_orders_customer_created;
2024-01-15 18:00:10.234 UTC [40012] admin@postgres psql: LOG:  duration: 2229.456 ms
2024-01-15 18:00:11.005 UTC [40013] monitoring@postgres exporter: LOG:  statement: SELECT datname, numbackends, xact_commit, xact_rollback FROM pg_stat_database WHERE datname NOT IN ('template0', 'template1');
2024-01-15 18:00:11.023 UTC [40013] monitoring@postgres exporter: LOG:  duration: 17.789 ms
