2024-01-15 14:00:00.005 UTC [20001] analytics@warehouse dbt: LOG:  statement: SELECT customer_id, SUM(order_total) AS total_spent FROM orders WHERE created_at >= '2024-01-01' GROUP BY customer_id HAVING SUM(order_total) > 1000 ORDER BY total_spent DESC LIMIT 100;
2024-01-15 14:00:02.456 UTC [20001] analytics@warehouse dbt: LOG:  duration: 2451.234 ms
2024-01-15 14:00:03.005 UTC [20002] reporting@warehouse psql: LOG:  statement: SELECT month, monthly_total, order_count, growth_rate FROM growth_rates ORDER BY month;
2024-01-15 14:00:08.789 UTC [20002] reporting@warehouse psql: LOG:  duration: 5784.123 ms
2024-01-15 14:00:09.005 UTC [20003] etl_user@warehouse airflow: LOG:  statement: INSERT INTO daily_aggregates (date, total_orders, total_revenue, avg_order_value) SELECT DATE(created_at), COUNT(*), SUM(total), AVG(total) FROM orders WHERE DATE(created_at) = CURRENT_DATE - INTERVAL '1 day' GROUP BY DATE(created_at);
2024-01-15 14:00:09.234 UTC [20003] etl_user@warehouse airflow: LOG:  duration: 229.456 ms
2024-01-15 14:00:10.005 UTC [20004] app_user@production api: LOG:  statement: SELECT u.id, u.name, u.email, p.name AS profile_name FROM users u LEFT JOIN profiles p ON u.id = p.user_id WHERE u.active = true AND u.last_login > NOW() - INTERVAL '30 days' ORDER BY u.last_login DESC;
2024-01-15 14:00:12.678 UTC [20004] app_user@production api: LOG:  duration: 2673.234 ms
2024-01-15 14:00:13.005 UTC [20005] readonly@production psql: LOG:  statement: SELECT * FROM orders WHERE id = 12345;
2024-01-15 14:00:13.007 UTC [20005] readonly@production psql: LOG:  duration: 1.234 ms
2024-01-15 14:00:14.005 UTC [20006] batch_job@warehouse worker: LOG:  statement: UPDATE product_inventory SET quantity = quantity - sold_quantity, last_updated = NOW() FROM sales WHERE product_inventory.product_id = sales.product_id;
2024-01-15 14:00:15.890 UTC [20006] batch_job@warehouse worker: LOG:  duration: 1885.123 ms
2024-01-15 14:00:16.005 UTC [20007] admin@postgres psql: LOG:  statement: VACUUM ANALYZE orders;
2024-01-15 14:00:18.234 UTC [20007] admin@postgres psql: LOG:  duration: 2229.456 ms
2024-01-15 14:00:19.005 UTC [20008] monitoring@postgres exporter: LOG:  statement: SELECT datname, numbackends, blks_read, blks_hit FROM pg_stat_database;
2024-01-15 14:00:19.055 UTC [20008] monitoring@postgres exporter: LOG:  duration: 50.000 ms
    schemaname,
    tablename,
    n_tup_ins,
    n_tup_upd,
    n_tup_del,
    n_live_tup,
    n_dead_tup,
    last_vacuum,
    last_autovacuum,
    last_analyze,
    last_autoanalyze
FROM pg_stat_user_tables
WHERE schemaname = 'public'
ORDER BY n_dead_tup DESC;
2024-01-15 14:00:19.123 UTC [20008]: [3-2] user=monitoring,db=postgres LOG:  duration: 118.456 ms
